# JRE version: OpenJDK Runtime Environment Temurin-21.0.10+7 (21.0.10+7) (build 21.0.10+7-LTS)
# Java VM: OpenJDK 64-Bit Server VM Temurin-21.0.10+7 (21.0.10+7-LTS, mixed mode, sharing, tiered, compressed oops, compressed class ptrs, parallel gc, windows-amd64)
GC Precious Log:
 CardTable entry size: 512
 CPUs: 8 total, 8 available
 Memory: 16243M
 Large Page Support: Disabled
 NUMA Support: Disabled
 Compressed Oops: Enabled (32-bit)
 Alignments: Space 512K, Generation 512K, Heap 2M
 Heap Min Capacity: 100M
 Heap Initial Capacity: 100M
 Heap Max Capacity: 2G
 Pre-touch: Disabled
 Parallel Workers: 8
Heap:
 PSYoungGen      total 2048K, used 687K [0x00000000d5580000, 0x00000000d5880000, 0x0000000100000000)
  eden space 1536K, 27% used [0x00000000d5580000,0x00000000d55e7d90,0x00000000d5700000)
  from space 512K, 53% used [0x00000000d5800000,0x00000000d5844030,0x00000000d5880000)
  to   space 512K, 0% used [0x00000000d5700000,0x00000000d5700000,0x00000000d5780000)
 ParOldGen       total 783872K, used 783464K [0x0000000080000000, 0x00000000afd80000, 0x00000000d5580000)
  object space 783872K, 99% used [0x0000000080000000,0x00000000afd1a310,0x00000000afd80000)
 Metaspace       used 37430K, committed 38720K, reserved 1114112K
  class space    used 3110K, committed 3648K, reserved 1048576K
GC Heap History (20 events):
Event: 719138.717 GC heap before
{Heap before GC invocations=787 (full 2):
 PSYoungGen      total 2048K, used 1760K [0x00000000d5580000, 0x00000000d5880000, 0x0000000100000000)
  eden space 1536K, 100% used [0x00000000d5580000,0x00000000d5700000,0x00000000d5700000)
  from space 512K, 43% used [0x00000000d5800000,0x00000000d5838000,0x00000000d5880000)
  to   space 512K, 0% used [0x00000000d5700000,0x00000000d5700000,0x00000000d5780000)
 ParOldGen       total 782336K, used 782029K [0x0000000080000000, 0x00000000afc00000, 0x00000000d5580000)
  object space 782336K, 99% used [0x0000000080000000,0x00000000afbb3548,0x00000000afc00000)
 Metaspace       used 37421K, committed 38720K, reserved 1114112K
  class space    used 3110K, committed 3648K, reserved 1048576K
}
Event: 719138.719 GC heap after
{Heap after GC invocations=787 (full 2):
 PSYoungGen      total 2048K, used 160K [0x00000000d5580000, 0x00000000d5880000, 0x0000000100000000)
  eden space 1536K, 0% used [0x00000000d5580000,0x00000000d5580000,0x00000000d5700000)
  from space 512K, 31% used [0x00000000d5700000,0x00000000d5728000,0x00000000d5780000)
  to   space 512K, 0% used [0x00000000d5800000,0x00000000d5800000,0x00000000d5880000)
 ParOldGen       total 782336K, used 782061K [0x0000000080000000, 0x00000000afc00000, 0x00000000d5580000)
  object space 782336K, 99% used [0x0000000080000000,0x00000000afbbb548,0x00000000afc00000)
 Metaspace       used 37421K, committed 38720K, reserved 1114112K
  class space    used 3110K, committed 3648K, reserved 1048576K
}
Event: 719139.769 GC heap before
{Heap before GC invocations=788 (full 2):
 PSYoungGen      total 2048K, used 1696K [0x00000000d5580000, 0x00000000d5880000, 0x0000000100000000)
  eden space 1536K, 100% used [0x00000000d5580000,0x00000000d5700000,0x00000000d5700000)
  from space 512K, 31% used [0x00000000d5700000,0x00000000d5728000,0x00000000d5780000)
  to   space 512K, 0% used [0x00000000d5800000,0x00000000d5800000,0x00000000d5880000)
 ParOldGen       total 782336K, used 782061K [0x0000000080000000, 0x00000000afc00000, 0x00000000d5580000)
  object space 782336K, 99% used [0x0000000080000000,0x00000000afbbb548,0x00000000afc00000)
 Metaspace       used 37423K, committed 38720K, reserved 1114112K
  class space    used 3110K, committed 3648K, reserved 1048576K
}
Event: 719139.771 GC heap after
{Heap after GC invocations=788 (full 2):
 PSYoungGen      total 2048K, used 256K [0x00000000d5580000, 0x00000000d5880000, 0x0000000100000000)
  eden space 1536K, 0% used [0x00000000d5580000,0x00000000d5580000,0x00000000d5700000)
  from space 512K, 50% used [0x00000000d5800000,0x00000000d5840000,0x00000000d5880000)
  to   space 512K, 0% used [0x00000000d5700000,0x00000000d5700000,0x00000000d5780000)
 ParOldGen       total 782336K, used 782085K [0x0000000080000000, 0x00000000afc00000, 0x00000000d5580000)
  object space 782336K, 99% used [0x0000000080000000,0x00000000afbc1548,0x00000000afc00000)
 Metaspace       used 37423K, committed 38720K, reserved 1114112K
  class space    used 3110K, committed 3648K, reserved 1048576K
}
Event: 719139.803 GC heap before
{Heap before GC invocations=789 (full 2):
 PSYoungGen      total 2048K, used 1792K [0x00000000d5580000, 0x00000000d5880000, 0x0000000100000000)
  eden space 1536K, 100% used [0x00000000d5580000,0x00000000d5700000,0x00000000d5700000)
  from space 512K, 50% used [0x00000000d5800000,0x00000000d5840000,0x00000000d5880000)
  to   space 512K, 0% used [0x00000000d5700000,0x00000000d5700000,0x00000000d5780000)
 ParOldGen       total 782336K, used 782085K [0x0000000080000000, 0x00000000afc00000, 0x00000000d5580000)
  object space 782336K, 99% used [0x0000000080000000,0x00000000afbc1548,0x00000000afc00000)
 Metaspace       used 37425K, committed 38720K, reserved 1114112K
  class space    used 3110K, committed 3648K, reserved 1048576K
}
Event: 719139.805 GC heap after
{Heap after GC invocations=789 (full 2):
 PSYoungGen      total 2048K, used 288K [0x00000000d5580000, 0x00000000d5880000, 0x0000000100000000)
  eden space 1536K, 0% used [0x00000000d5580000,0x00000000d5580000,0x00000000d5700000)
  from space 512K, 56% used [0x00000000d5700000,0x00000000d5748000,0x00000000d5780000)
  to   space 512K, 0% used [0x00000000d5800000,0x00000000d5800000,0x00000000d5880000)
 ParOldGen       total 782336K, used 782181K [0x0000000080000000, 0x00000000afc00000, 0x00000000d5580000)
  object space 782336K, 99% used [0x0000000080000000,0x00000000afbd9548,0x00000000afc00000)
 Metaspace       used 37425K, committed 38720K, reserved 1114112K
  class space    used 3110K, committed 3648K, reserved 1048576K
}
Event: 719139.810 GC heap before
{Heap before GC invocations=790 (full 2):
 PSYoungGen      total 2048K, used 1813K [0x00000000d5580000, 0x00000000d5880000, 0x0000000100000000)
  eden space 1536K, 99% used [0x00000000d5580000,0x00000000d56fd720,0x00000000d5700000)
  from space 512K, 56% used [0x00000000d5700000,0x00000000d5748000,0x00000000d5780000)
  to   space 512K, 0% used [0x00000000d5800000,0x00000000d5800000,0x00000000d5880000)
 ParOldGen       total 783360K, used 783080K [0x0000000080000000, 0x00000000afd00000, 0x00000000d5580000)
  object space 783360K, 99% used [0x0000000080000000,0x00000000afcba300,0x00000000afd00000)
 Metaspace       used 37425K, committed 38720K, reserved 1114112K
  class space    used 3110K, committed 3648K, reserved 1048576K
}
Event: 719139.811 GC heap after
{Heap after GC invocations=790 (full 2):
 PSYoungGen      total 2048K, used 440K [0x00000000d5580000, 0x00000000d5880000, 0x0000000100000000)
  eden space 1536K, 0% used [0x00000000d5580000,0x00000000d5580000,0x00000000d5700000)
  from space 512K, 86% used [0x00000000d5800000,0x00000000d586e328,0x00000000d5880000)
  to   space 512K, 0% used [0x00000000d5700000,0x00000000d5700000,0x00000000d5780000)
 ParOldGen       total 783360K, used 783248K [0x0000000080000000, 0x00000000afd00000, 0x00000000d5580000)
  object space 783360K, 99% used [0x0000000080000000,0x00000000afce4310,0x00000000afd00000)
 Metaspace       used 37425K, committed 38720K, reserved 1114112K
  class space    used 3110K, committed 3648K, reserved 1048576K
}
Event: 719139.816 GC heap before
{Heap before GC invocations=791 (full 2):
 PSYoungGen      total 2048K, used 1973K [0x00000000d5580000, 0x00000000d5880000, 0x0000000100000000)
  eden space 1536K, 99% used [0x00000000d5580000,0x00000000d56ff1a8,0x00000000d5700000)
  from space 512K, 86% used [0x00000000d5800000,0x00000000d586e328,0x00000000d5880000)
  to   space 512K, 0% used [0x00000000d5700000,0x00000000d5700000,0x00000000d5780000)
 ParOldGen       total 783360K, used 783248K [0x0000000080000000, 0x00000000afd00000, 0x00000000d5580000)
  object space 783360K, 99% used [0x0000000080000000,0x00000000afce4310,0x00000000afd00000)
 Metaspace       used 37425K, committed 38720K, reserved 1114112K
  class space    used 3110K, committed 3648K, reserved 1048576K
}
Event: 719139.817 GC heap after
{Heap after GC invocations=791 (full 2):
 PSYoungGen      total 2048K, used 160K [0x00000000d5580000, 0x00000000d5880000, 0x0000000100000000)
  eden space 1536K, 0% used [0x00000000d5580000,0x00000000d5580000,0x00000000d5700000)
  from space 512K, 31% used [0x00000000d5700000,0x00000000d5728000,0x00000000d5780000)
  to   space 512K, 0% used [0x00000000d5800000,0x00000000d5800000,0x00000000d5880000)
 ParOldGen       total 783360K, used 783272K [0x0000000080000000, 0x00000000afd00000, 0x00000000d5580000)
  object space 783360K, 99% used [0x0000000080000000,0x00000000afcea310,0x00000000afd00000)
 Metaspace       used 37425K, committed 38720K, reserved 1114112K
  class space    used 3110K, committed 3648K, reserved 1048576K
}
Event: 719139.821 GC heap before
{Heap before GC invocations=792 (full 2):
 PSYoungGen      total 2048K, used 1696K [0x00000000d5580000, 0x00000000d5880000, 0x0000000100000000)
  eden space 1536K, 100% used [0x00000000d5580000,0x00000000d5700000,0x00000000d5700000)
  from space 512K, 31% used [0x00000000d5700000,0x00000000d5728000,0x00000000d5780000)
  to   space 512K, 0% used [0x00000000d5800000,0x00000000d5800000,0x00000000d5880000)
 ParOldGen       total 783360K, used 783272K [0x0000000080000000, 0x00000000afd00000, 0x00000000d5580000)
  object space 783360K, 99% used [0x0000000080000000,0x00000000afcea310,0x00000000afd00000)
 Metaspace       used 37425K, committed 38720K, reserved 1114112K
  class space    used 3110K, committed 3648K, reserved 1048576K
}
Event: 719139.822 GC heap after
{Heap after GC invocations=792 (full 2):
 PSYoungGen      total 2048K, used 288K [0x00000000d5580000, 0x00000000d5880000, 0x0000000100000000)
  eden space 1536K, 0% used [0x00000000d5580000,0x00000000d5580000,0x00000000d5700000)
  from space 512K, 56% used [0x00000000d5800000,0x00000000d5848000,0x00000000d5880000)
  to   space 512K, 0% used [0x00000000d5700000,0x00000000d5700000,0x00000000d5780000)
 ParOldGen       total 783360K, used 783328K [0x0000000080000000, 0x00000000afd00000, 0x00000000d5580000)
  object space 783360K, 99% used [0x0000000080000000,0x00000000afcf8310,0x00000000afd00000)
 Metaspace       used 37425K, committed 38720K, reserved 1114112K
  class space    used 3110K, committed 3648K, reserved 1048576K
}
Event: 719139.828 GC heap before
{Heap before GC invocations=793 (full 2):
 PSYoungGen      total 2048K, used 1812K [0x00000000d5580000, 0x00000000d5880000, 0x0000000100000000)
  eden space 1536K, 99% used [0x00000000d5580000,0x00000000d56fd2e8,0x00000000d5700000)
  from space 512K, 56% used [0x00000000d5800000,0x00000000d5848000,0x00000000d5880000)
  to   space 512K, 0% used [0x00000000d5700000,0x00000000d5700000,0x00000000d5780000)
 ParOldGen       total 783360K, used 783328K [0x0000000080000000, 0x00000000afd00000, 0x00000000d5580000)
  object space 783360K, 99% used [0x0000000080000000,0x00000000afcf8310,0x00000000afd00000)
 Metaspace       used 37425K, committed 38720K, reserved 1114112K
  class space    used 3110K, committed 3648K, reserved 1048576K
}
Event: 719139.829 GC heap after
{Heap after GC invocations=793 (full 2):
 PSYoungGen      total 2048K, used 160K [0x00000000d5580000, 0x00000000d5880000, 0x0000000100000000)
  eden space 1536K, 0% used [0x00000000d5580000,0x00000000d5580000,0x00000000d5700000)
  from space 512K, 31% used [0x00000000d5700000,0x00000000d5728000,0x00000000d5780000)
  to   space 512K, 0% used [0x00000000d5800000,0x00000000d5800000,0x00000000d5880000)
 ParOldGen       total 783872K, used 783360K [0x0000000080000000, 0x00000000afd80000, 0x00000000d5580000)
  object space 783872K, 99% used [0x0000000080000000,0x00000000afd00310,0x00000000afd80000)
 Metaspace       used 37425K, committed 38720K, reserved 1114112K
  class space    used 3110K, committed 3648K, reserved 1048576K
}
Event: 719139.861 GC heap before
{Heap before GC invocations=794 (full 2):
 PSYoungGen      total 2048K, used 1696K [0x00000000d5580000, 0x00000000d5880000, 0x0000000100000000)
  eden space 1536K, 100% used [0x00000000d5580000,0x00000000d5700000,0x00000000d5700000)
  from space 512K, 31% used [0x00000000d5700000,0x00000000d5728000,0x00000000d5780000)
  to   space 512K, 0% used [0x00000000d5800000,0x00000000d5800000,0x00000000d5880000)
 ParOldGen       total 783872K, used 783360K [0x0000000080000000, 0x00000000afd80000, 0x00000000d5580000)
  object space 783872K, 99% used [0x0000000080000000,0x00000000afd00310,0x00000000afd80000)
 Metaspace       used 37425K, committed 38720K, reserved 1114112K
  class space    used 3110K, committed 3648K, reserved 1048576K
}
Event: 719139.863 GC heap after
{Heap after GC invocations=794 (full 2):
 PSYoungGen      total 2048K, used 128K [0x00000000d5580000, 0x00000000d5880000, 0x0000000100000000)
  eden space 1536K, 0% used [0x00000000d5580000,0x00000000d5580000,0x00000000d5700000)
  from space 512K, 25% used [0x00000000d5800000,0x00000000d5820000,0x00000000d5880000)
  to   space 512K, 0% used [0x00000000d5700000,0x00000000d5700000,0x00000000d5780000)
 ParOldGen       total 783872K, used 783392K [0x0000000080000000, 0x00000000afd80000, 0x00000000d5580000)
  object space 783872K, 99% used [0x0000000080000000,0x00000000afd08310,0x00000000afd80000)
 Metaspace       used 37425K, committed 38720K, reserved 1114112K
  class space    used 3110K, committed 3648K, reserved 1048576K
}
Event: 719139.913 GC heap before
{Heap before GC invocations=795 (full 2):
 PSYoungGen      total 2048K, used 1664K [0x00000000d5580000, 0x00000000d5880000, 0x0000000100000000)
  eden space 1536K, 100% used [0x00000000d5580000,0x00000000d5700000,0x00000000d5700000)
  from space 512K, 25% used [0x00000000d5800000,0x00000000d5820000,0x00000000d5880000)
  to   space 512K, 0% used [0x00000000d5700000,0x00000000d5700000,0x00000000d5780000)
 ParOldGen       total 783872K, used 783392K [0x0000000080000000, 0x00000000afd80000, 0x00000000d5580000)
  object space 783872K, 99% used [0x0000000080000000,0x00000000afd08310,0x00000000afd80000)
 Metaspace       used 37425K, committed 38720K, reserved 1114112K
  class space    used 3110K, committed 3648K, reserved 1048576K
}
Event: 719139.915 GC heap after
{Heap after GC invocations=795 (full 2):
 PSYoungGen      total 2048K, used 256K [0x00000000d5580000, 0x00000000d5880000, 0x0000000100000000)
  eden space 1536K, 0% used [0x00000000d5580000,0x00000000d5580000,0x00000000d5700000)
  from space 512K, 50% used [0x00000000d5700000,0x00000000d5740000,0x00000000d5780000)
  to   space 512K, 0% used [0x00000000d5800000,0x00000000d5800000,0x00000000d5880000)
 ParOldGen       total 783872K, used 783416K [0x0000000080000000, 0x00000000afd80000, 0x00000000d5580000)
  object space 783872K, 99% used [0x0000000080000000,0x00000000afd0e310,0x00000000afd80000)
 Metaspace       used 37425K, committed 38720K, reserved 1114112K
  class space    used 3110K, committed 3648K, reserved 1048576K
}
Event: 719501.080 GC heap before
{Heap before GC invocations=796 (full 2):
 PSYoungGen      total 2048K, used 1791K [0x00000000d5580000, 0x00000000d5880000, 0x0000000100000000)
  eden space 1536K, 99% used [0x00000000d5580000,0x00000000d56fffe0,0x00000000d5700000)
  from space 512K, 50% used [0x00000000d5700000,0x00000000d5740000,0x00000000d5780000)
  to   space 512K, 0% used [0x00000000d5800000,0x00000000d5800000,0x00000000d5880000)
 ParOldGen       total 783872K, used 783416K [0x0000000080000000, 0x00000000afd80000, 0x00000000d5580000)
  object space 783872K, 99% used [0x0000000080000000,0x00000000afd0e310,0x00000000afd80000)
 Metaspace       used 37430K, committed 38720K, reserved 1114112K
  class space    used 3110K, committed 3648K, reserved 1048576K
}
Event: 719501.083 GC heap after
{Heap after GC invocations=796 (full 2):
 PSYoungGen      total 2048K, used 272K [0x00000000d5580000, 0x00000000d5880000, 0x0000000100000000)
  eden space 1536K, 0% used [0x00000000d5580000,0x00000000d5580000,0x00000000d5700000)
  from space 512K, 53% used [0x00000000d5800000,0x00000000d5844030,0x00000000d5880000)
  to   space 512K, 0% used [0x00000000d5700000,0x00000000d5700000,0x00000000d5780000)
 ParOldGen       total 783872K, used 783464K [0x0000000080000000, 0x00000000afd80000, 0x00000000d5580000)
  object space 783872K, 99% used [0x0000000080000000,0x00000000afd1a310,0x00000000afd80000)
 Metaspace       used 37430K, committed 38720K, reserved 1114112K
  class space    used 3110K, committed 3648K, reserved 1048576K
}

